[2026-05-18T10:21:23] ============================================================
[2026-05-18T10:21:23] Morning Preview — starting
[2026-05-18T10:21:23] Discovering account UUID...
[2026-05-18T10:21:24]   Found account: b0d61a36-f329-4226-9d82-4494deaee5f5
[2026-05-18T10:21:24] Fetching current symphony allocation from Composer API...
[2026-05-18T10:21:26]   Got 3 positions from API
[2026-05-18T10:21:26]     SGOV        0.83%
[2026-05-18T10:21:26]     GLDM        0.09%
[2026-05-18T10:21:26]     TECL        0.08%
[2026-05-18T10:21:26] Loading previous allocation for comparison...
[2026-05-18T10:21:26]   Previous date: 2026-05-17
[2026-05-18T10:21:26]   Changes:
[2026-05-19T09:45:02] ============================================================
[2026-05-19T09:45:02] Morning Preview — starting
[2026-05-19T09:45:02] Discovering account UUID...
[2026-05-19T09:45:03]   Found account: b0d61a36-f329-4226-9d82-4494deaee5f5
[2026-05-19T09:45:03] Fetching current symphony allocation from Composer API...
[2026-05-19T09:45:05]   Got 3 positions from API
[2026-05-19T09:45:05]     SGOV        0.81%
[2026-05-19T09:45:05]     TQQQ        0.10%
[2026-05-19T09:45:05]     GLDM        0.09%
[2026-05-19T09:45:05] Loading previous allocation for comparison...
[2026-05-19T09:45:05]   Previous date: 2026-05-18
[2026-05-19T09:45:05]   Changes:
